<?xml version="1.0" encoding="UTF-8"?>
<!-- Generated by org.testng.reporters.JUnitReportReporter -->
<testsuite hostname="user20" failures="0" tests="4" name="runner.RunnerPage" time="15.958" errors="0" timestamp="2024-11-19T20:37:53 IST" skipped="0">
  <testcase classname="runner.RunnerPage" name="runScenario" time="2.620"/>
  <system-out/>
  <testcase classname="runner.RunnerPage" name="runScenario" time="8.295"/>
  <system-out/>
  <testcase classname="runner.RunnerPage" name="runScenario" time="1.956"/>
  <system-out/>
  <testcase classname="runner.RunnerPage" name="runScenario" time="3.087"/>
  <system-out/>
</testsuite> <!-- runner.RunnerPage -->
