<?xml version="1.0" encoding="UTF-8"?>
<!-- Generated by org.testng.reporters.JUnitReportReporter -->
<testsuite hostname="user20" failures="0" tests="4" name="runner.RunnerPage" time="17.554" errors="0" timestamp="2024-11-19T19:51:58 IST" skipped="0">
  <testcase classname="runner.RunnerPage" name="runScenario" time="3.370"/>
  <system-out/>
  <testcase classname="runner.RunnerPage" name="runScenario" time="2.102"/>
  <system-out/>
  <testcase classname="runner.RunnerPage" name="runScenario" time="9.563"/>
  <system-out/>
  <testcase classname="runner.RunnerPage" name="runScenario" time="2.519"/>
  <system-out/>
</testsuite> <!-- runner.RunnerPage -->
